20171028 00:35:06 : P18 is finished
20171028 00:35:06 : P26 is finished
20171028 00:35:06 : P63 is finished
20171028 00:35:06 : P63 is finished
20171028 00:35:06 : P65 is finished
20171028 00:35:06 : P69 is finished
20171028 00:35:07 : P79 is finished
20171028 00:35:07 : P98 is finished
20171028 00:35:07 : P106 is finished
20171028 00:35:07 : P109 is finished
20171028 00:35:07 : P112 is finished
20171028 00:35:07 : P113 is finished
20171028 00:35:07 : P116 is finished
20171028 00:35:07 : P117 is finished
20171028 00:35:07 : P118 is finished
20171028 00:35:07 : P122 is finished
20171028 00:35:07 : P123 is finished
20171028 00:35:07 : Darae DB1 (1801,0321,2001)(Y->N) is finished
20171028 00:35:07 : Darae DB1 (1802,1803,1804,1903,1007,0105,0320,0707,0710,2313,2209,3205)(N->Y) is finished
20171028 00:35:08 : DR server1 is finished
20171028 00:35:08 : P130 is finished
20171028 00:35:08 : P133 is finished
20171028 00:35:08 : Darae DB2 (Y->N) is finished
20171028 00:35:08 : DR server2 is finished
20171028 00:35:08 : -----------------------------------------------
