20171029 23:57:02 : P18 is finished
20171029 23:57:02 : P26 is finished
20171029 23:57:02 : P45 is finished
20171029 23:57:02 : P60 is finished
20171029 23:57:02 : P63 is finished
20171029 23:57:02 : P65 is finished
20171029 23:57:02 : P69 is finished
20171029 23:57:02 : P79 is finished
20171029 23:57:02 : P98 is finished
20171029 23:57:02 : P106 is finished
20171029 23:57:02 : P109 is finished
20171029 23:57:02 : P112 is finished
20171029 23:57:02 : P113 is finished
20171029 23:57:02 : P116 is finished
20171029 23:57:02 : P117 is finished
20171029 23:57:02 : P118 is finished
20171029 23:57:02 : P122 is finished
20171029 23:57:02 : P123 is finished
20171029 23:57:02 : Darae DB1 (1801,0321,2001)(N->Y) is finished
20171029 23:57:02 : Darae DB1 (1802,1803,1804,1903,1007,0105,0320,0707,0710,2313,2209,3205)(Y->N) is finished
20171029 23:57:02 : DR server1 is finished
20171029 23:57:02 : P129 is finished
20171029 23:57:02 : P130 is finished
20171029 23:57:02 : P133 is finished
20171029 23:57:02 : Darae DB2 (N->Y) is finished
20171029 23:57:02 : DR server2 is finished
20171029 23:57:02 : -----------------------------------------------
